<?xml version="1.0" encoding="UTF-8"?>
<!-- Generated by org.testng.reporters.JUnitReportReporter -->
<testsuite hostname="Yogeshs-Mac-mini.local" failures="0" tests="1" name="Qa_wingify_Test_Cases.Qa_wingify_Home_page_Testcase_002" time="11.501" errors="0" timestamp="2024-05-24T23:33:55 GMT-07:00" skipped="0">
  <testcase classname="Qa_wingify_Test_Cases.Qa_wingify_Home_page_Testcase_002" name="VerfyLogin" time="11.501"/>
</testsuite> <!-- Qa_wingify_Test_Cases.Qa_wingify_Home_page_Testcase_002 -->
