<?xml version="1.0" encoding="UTF-8"?>
<!-- Generated by org.testng.reporters.JUnitReportReporter -->
<testsuite hostname="Yogeshs-Mac-mini.local" failures="0" tests="1" name="Qa_wingify_Test_Cases.Qa_wingify_Login_Testcase_01" time="6.110" errors="0" timestamp="2024-05-24T22:54:55 GMT-07:00" skipped="0">
  <testcase classname="Qa_wingify_Test_Cases.Qa_wingify_Login_Testcase_01" name="VerfyLogin" time="6.110"/>
</testsuite> <!-- Qa_wingify_Test_Cases.Qa_wingify_Login_Testcase_01 -->
